Arguments: 
  /Users/dev5moneycloud/.nvm/versions/node/v12.10.0/bin/node /usr/local/Cellar/yarn/1.19.1/libexec/bin/yarn.js init

PATH: 
  /Users/dev5moneycloud/.nvm/versions/node/v12.10.0/bin:/usr/local/bin:/usr/bin:/bin:/usr/sbin:/sbin:/Users/dev5moneycloud/Android/Sdk/emulator:/Users/dev5moneycloud/Android/Sdk/tools:/Users/dev5moneycloud/Android/Sdk/tools/bin:/Users/dev5moneycloud/Android/Sdk/platform-tools

Yarn version: 
  1.19.1

Node version: 
  12.10.0

Platform: 
  darwin x64

Trace: 
  Error: canceled
      at Interface.<anonymous> (/usr/local/Cellar/yarn/1.19.1/libexec/lib/cli.js:136824:13)
      at Interface.emit (events.js:209:13)
      at Interface._ttyWrite (readline.js:887:16)
      at ReadStream.onkeypress (readline.js:191:10)
      at ReadStream.emit (events.js:209:13)
      at emitKeys (internal/readline/utils.js:433:14)
      at emitKeys.next (<anonymous>)
      at ReadStream.onData (readline.js:1153:36)
      at ReadStream.emit (events.js:209:13)
      at addChunk (_stream_readable.js:305:12)

npm manifest: 
  No manifest

yarn manifest: 
  No manifest

Lockfile: 
  # THIS IS AN AUTOGENERATED FILE. DO NOT EDIT THIS FILE DIRECTLY.
  # yarn lockfile v1
